<?xml version="1.0" encoding="UTF-8"?>
<testng-results ignored="0" total="1" passed="1" failed="0" skipped="0">
  <reporter-output>
  </reporter-output>
  <suite started-at="2025-07-13T13:39:43 IST" name="Default suite" finished-at="2025-07-13T13:39:57 IST" duration-ms="14778">
    <groups>
      <group name="cucumber">
        <method signature="AbstractTestNGCucumberTests.runScenario(io.cucumber.testng.PickleWrapper,io.cucumber.testng.FeatureWrapper)[pri:0, instance:runners.TestNGRunner@4009e306]" name="runScenario" class="io.cucumber.testng.AbstractTestNGCucumberTests"/>
      </group> <!-- cucumber -->
    </groups>
    <test started-at="2025-07-13T13:39:43 IST" name="Default test" finished-at="2025-07-13T13:39:57 IST" duration-ms="14778">
      <class name="runners.TestNGRunner">
        <test-method is-config="true" signature="setUpClass(org.testng.ITestContext)[pri:0, instance:runners.TestNGRunner@4009e306]" started-at="2025-07-13T13:39:43 IST" name="setUpClass" finished-at="2025-07-13T13:39:43 IST" duration-ms="521" status="PASS">
          <params>
            <param index="0">
              <value>
                <![CDATA[org.testng.TestRunner@361c294e]]>
              </value>
            </param>
          </params>
          <reporter-output>
          </reporter-output>
        </test-method> <!-- setUpClass -->
        <test-method signature="runScenario(io.cucumber.testng.PickleWrapper,io.cucumber.testng.FeatureWrapper)[pri:0, instance:runners.TestNGRunner@4009e306]" started-at="2025-07-13T13:39:43 IST" name="runScenario" description="Runs Cucumber Scenarios" data-provider="scenarios" finished-at="2025-07-13T13:39:57 IST" duration-ms="14135" status="PASS">
          <params>
            <param index="0">
              <value>
                <![CDATA["Handle alert and confirm dialogs"]]>
              </value>
            </param>
            <param index="1">
              <value>
                <![CDATA["UI Automation on Rahul Shetty Academy Practice Page"]]>
              </value>
            </param>
          </params>
          <reporter-output>
          </reporter-output>
        </test-method> <!-- runScenario -->
        <test-method is-config="true" signature="tearDownClass()[pri:0, instance:runners.TestNGRunner@4009e306]" started-at="2025-07-13T13:39:57 IST" name="tearDownClass" finished-at="2025-07-13T13:39:57 IST" duration-ms="73" status="PASS">
          <reporter-output>
          </reporter-output>
        </test-method> <!-- tearDownClass -->
      </class> <!-- runners.TestNGRunner -->
    </test> <!-- Default test -->
  </suite> <!-- Default suite -->
</testng-results>
